<?xml version="1.0" encoding="UTF-8"?>
<!-- Generated by org.testng.reporters.JUnitReportReporter -->
<testsuite skipped="0" hostname="ADMIN-PC" name="a2_bingTest.A1_BingTestJava" tests="1" failures="0" timestamp="18 Jan 2023 05:36:41 GMT" time="51.024" errors="0">
  <testcase name="verifyGooglePage" time="51.024" classname="a2_bingTest.A1_BingTestJava"/>
</testsuite> <!-- a2_bingTest.A1_BingTestJava -->
